0 info it worked if it ends with ok
1 verbose cli [ '/usr/bin/node', '/usr/bin/npm', 'run', 'test-once' ]
2 info using npm@3.5.2
3 info using node@v8.10.0
4 verbose run-script [ 'pretest-once', 'test-once', 'posttest-once' ]
5 info lifecycle web_application@1.0.0~pretest-once: web_application@1.0.0
6 silly lifecycle web_application@1.0.0~pretest-once: no script for pretest-once, continuing
7 info lifecycle web_application@1.0.0~test-once: web_application@1.0.0
8 verbose lifecycle web_application@1.0.0~test-once: unsafe-perm in lifecycle true
9 verbose lifecycle web_application@1.0.0~test-once: PATH: /usr/share/npm/bin/node-gyp-bin:/home/sp/books-using-API/node_modules/.bin:/usr/local/sbin:/usr/local/bin:/usr/sbin:/usr/bin:/sbin:/bin:/usr/games:/usr/local/games
10 verbose lifecycle web_application@1.0.0~test-once: CWD: /home/sp/books-using-API
11 silly lifecycle web_application@1.0.0~test-once: Args: [ '-c', 'mocha --recursive ' ]
12 silly lifecycle web_application@1.0.0~test-once: Returned: code: 21  signal: null
13 info lifecycle web_application@1.0.0~test-once: Failed to exec test-once script
14 verbose stack Error: web_application@1.0.0 test-once: `mocha --recursive `
14 verbose stack Exit status 21
14 verbose stack     at EventEmitter.<anonymous> (/usr/share/npm/lib/utils/lifecycle.js:232:16)
14 verbose stack     at emitTwo (events.js:126:13)
14 verbose stack     at EventEmitter.emit (events.js:214:7)
14 verbose stack     at ChildProcess.<anonymous> (/usr/share/npm/lib/utils/spawn.js:24:14)
14 verbose stack     at emitTwo (events.js:126:13)
14 verbose stack     at ChildProcess.emit (events.js:214:7)
14 verbose stack     at maybeClose (internal/child_process.js:925:16)
14 verbose stack     at Process.ChildProcess._handle.onexit (internal/child_process.js:209:5)
15 verbose pkgid web_application@1.0.0
16 verbose cwd /home/sp/books-using-API
17 error Linux 4.15.0-42-generic
18 error argv "/usr/bin/node" "/usr/bin/npm" "run" "test-once"
19 error node v8.10.0
20 error npm  v3.5.2
21 error code ELIFECYCLE
22 error web_application@1.0.0 test-once: `mocha --recursive `
22 error Exit status 21
23 error Failed at the web_application@1.0.0 test-once script 'mocha --recursive '.
23 error Make sure you have the latest version of node.js and npm installed.
23 error If you do, this is most likely a problem with the web_application package,
23 error not with npm itself.
23 error Tell the author that this fails on your system:
23 error     mocha --recursive
23 error You can get information on how to open an issue for this project with:
23 error     npm bugs web_application
23 error Or if that isn't available, you can get their info via:
23 error     npm owner ls web_application
23 error There is likely additional logging output above.
24 verbose exit [ 1, true ]
